<?xml version="1.0" encoding="UTF-8"?>
<!-- Generated by org.testng.reporters.JUnitReportReporter -->
<testsuite skipped="1" hostname="Inspiron" name="testNGDemo.PHPTravelsLogin" tests="2" failures="0" timestamp="27 May 2020 13:37:28 GMT" time="4.874" errors="1">
  <testcase name="beforeSuite" time="4.874" classname="testNGDemo.PHPTravelsLogin">
    <error type="org.openqa.selenium.SessionNotCreatedException" message="session not created: This version of ChromeDriver only supports Chrome version 81
Build info: version: &#039;3.141.59&#039;, revision: &#039;e82be7d358&#039;, time: &#039;2018-11-14T08:25:53&#039;
System info: host: &#039;INSPIRON&#039;, ip: &#039;192.168.43.14&#039;, os.name: &#039;Windows 8.1&#039;, os.arch: &#039;amd64&#039;, os.version: &#039;6.3&#039;, java.version: &#039;1.8.0_131&#039;
Driver info: driver.version: ChromeDriver
remote stacktrace: Backtrace:
	Ordinal0 [0x00FB5F73+2449267]
	Ordinal0 [0x00EE8361+1606497]
	Ordinal0 [0x00DDF969+522601]
	Ordinal0 [0x00D705F3+67059]
	Ordinal0 [0x00D6CD92+52626]
	Ordinal0 [0x00D8C127+180519]
	Ordinal0 [0x00D8BF2D+180013]
	Ordinal0 [0x00D89E5B+171611]
	Ordinal0 [0x00D71DD8+73176]
	Ordinal0 [0x00D72E50+77392]
	Ordinal0 [0x00D72DE9+77289]
	Ordinal0 [0x00EFD8D7+1693911]
	GetHandleVerifier [0x01054036+522726]
	GetHandleVerifier [0x01053D74+522020]
	GetHandleVerifier [0x01069187+609079]
	GetHandleVerifier [0x010548A6+524886]
	Ordinal0 [0x00EF5CBC+1662140]
	Ordinal0 [0x00EFF23B+1700411]
	Ordinal0 [0x00EFF3A3+1700771]
	Ordinal0 [0x00F15215+1790485]
	BaseThreadInitThunk [0x75686A14+36]
	RtlInitializeExceptionChain [0x7760AB4F+143]
	RtlInitializeExceptionChain [0x7760AB1A+90]
">
      <![CDATA[org.openqa.selenium.SessionNotCreatedException: session not created: This version of ChromeDriver only supports Chrome version 81
Build info: version: '3.141.59', revision: 'e82be7d358', time: '2018-11-14T08:25:53'
System info: host: 'INSPIRON', ip: '192.168.43.14', os.name: 'Windows 8.1', os.arch: 'amd64', os.version: '6.3', java.version: '1.8.0_131'
Driver info: driver.version: ChromeDriver
remote stacktrace: Backtrace:
Ordinal0 [0x00FB5F73+2449267]
Ordinal0 [0x00EE8361+1606497]
Ordinal0 [0x00DDF969+522601]
Ordinal0 [0x00D705F3+67059]
Ordinal0 [0x00D6CD92+52626]
Ordinal0 [0x00D8C127+180519]
Ordinal0 [0x00D8BF2D+180013]
Ordinal0 [0x00D89E5B+171611]
Ordinal0 [0x00D71DD8+73176]
Ordinal0 [0x00D72E50+77392]
Ordinal0 [0x00D72DE9+77289]
Ordinal0 [0x00EFD8D7+1693911]
GetHandleVerifier [0x01054036+522726]
GetHandleVerifier [0x01053D74+522020]
GetHandleVerifier [0x01069187+609079]
GetHandleVerifier [0x010548A6+524886]
Ordinal0 [0x00EF5CBC+1662140]
Ordinal0 [0x00EFF23B+1700411]
Ordinal0 [0x00EFF3A3+1700771]
Ordinal0 [0x00F15215+1790485]
BaseThreadInitThunk [0x75686A14+36]
RtlInitializeExceptionChain [0x7760AB4F+143]
RtlInitializeExceptionChain [0x7760AB1A+90]

at sun.reflect.NativeConstructorAccessorImpl.newInstance0(Native Method)
at sun.reflect.NativeConstructorAccessorImpl.newInstance(NativeConstructorAccessorImpl.java:62)
at sun.reflect.DelegatingConstructorAccessorImpl.newInstance(DelegatingConstructorAccessorImpl.java:45)
at java.lang.reflect.Constructor.newInstance(Constructor.java:423)
at org.openqa.selenium.remote.W3CHandshakeResponse.lambda$errorHandler$0(W3CHandshakeResponse.java:62)
at org.openqa.selenium.remote.HandshakeResponse.lambda$getResponseFunction$0(HandshakeResponse.java:30)
at org.openqa.selenium.remote.ProtocolHandshake.lambda$createSession$0(ProtocolHandshake.java:126)
at java.util.stream.ReferencePipeline$3$1.accept(ReferencePipeline.java:193)
at java.util.Spliterators$ArraySpliterator.tryAdvance(Spliterators.java:958)
at java.util.stream.ReferencePipeline.forEachWithCancel(ReferencePipeline.java:126)
at java.util.stream.AbstractPipeline.copyIntoWithCancel(AbstractPipeline.java:498)
at java.util.stream.AbstractPipeline.copyInto(AbstractPipeline.java:485)
at java.util.stream.AbstractPipeline.wrapAndCopyInto(AbstractPipeline.java:471)
at java.util.stream.FindOps$FindOp.evaluateSequential(FindOps.java:152)
at java.util.stream.AbstractPipeline.evaluate(AbstractPipeline.java:234)
at java.util.stream.ReferencePipeline.findFirst(ReferencePipeline.java:464)
at org.openqa.selenium.remote.ProtocolHandshake.createSession(ProtocolHandshake.java:128)
at org.openqa.selenium.remote.ProtocolHandshake.createSession(ProtocolHandshake.java:74)
at org.openqa.selenium.remote.HttpCommandExecutor.execute(HttpCommandExecutor.java:136)
at org.openqa.selenium.remote.service.DriverCommandExecutor.execute(DriverCommandExecutor.java:83)
at org.openqa.selenium.remote.RemoteWebDriver.execute(RemoteWebDriver.java:552)
at org.openqa.selenium.remote.RemoteWebDriver.startSession(RemoteWebDriver.java:213)
at org.openqa.selenium.remote.RemoteWebDriver.<init>(RemoteWebDriver.java:131)
at org.openqa.selenium.chrome.ChromeDriver.<init>(ChromeDriver.java:181)
at org.openqa.selenium.chrome.ChromeDriver.<init>(ChromeDriver.java:168)
at org.openqa.selenium.chrome.ChromeDriver.<init>(ChromeDriver.java:123)
at testNGDemo.PHPTravelsLogin.beforeSuite(PHPTravelsLogin.java:97)
at sun.reflect.NativeMethodAccessorImpl.invoke0(Native Method)
at sun.reflect.NativeMethodAccessorImpl.invoke(NativeMethodAccessorImpl.java:62)
at sun.reflect.DelegatingMethodAccessorImpl.invoke(DelegatingMethodAccessorImpl.java:43)
at java.lang.reflect.Method.invoke(Method.java:498)
at org.testng.internal.MethodInvocationHelper.invokeMethod(MethodInvocationHelper.java:124)
at org.testng.internal.MethodInvocationHelper.invokeMethodConsideringTimeout(MethodInvocationHelper.java:59)
at org.testng.internal.Invoker.invokeConfigurationMethod(Invoker.java:458)
at org.testng.internal.Invoker.invokeConfigurations(Invoker.java:222)
at org.testng.internal.Invoker.invokeConfigurations(Invoker.java:142)
at org.testng.SuiteRunner.privateRun(SuiteRunner.java:401)
at org.testng.SuiteRunner.run(SuiteRunner.java:364)
at org.testng.SuiteRunnerWorker.runSuite(SuiteRunnerWorker.java:52)
at org.testng.SuiteRunnerWorker.run(SuiteRunnerWorker.java:84)
at org.testng.TestNG.runSuitesSequentially(TestNG.java:1208)
at org.testng.TestNG.runSuitesLocally(TestNG.java:1137)
at org.testng.TestNG.runSuites(TestNG.java:1049)
at org.testng.TestNG.run(TestNG.java:1017)
at org.testng.remote.AbstractRemoteTestNG.run(AbstractRemoteTestNG.java:115)
at org.testng.remote.RemoteTestNG.initAndRun(RemoteTestNG.java:251)
at org.testng.remote.RemoteTestNG.main(RemoteTestNG.java:77)
]]>
    </error>
  </testcase> <!-- beforeSuite -->
  <testcase name="logincheck" time="0.000" classname="testNGDemo.PHPTravelsLogin">
    <skipped/>
  </testcase> <!-- logincheck -->
</testsuite> <!-- testNGDemo.PHPTravelsLogin -->
